app/build/outputs/logs/manifest-merger-debug-report.txt
-- Merging decision tree log ---
manifest
ADDED from src/main/AndroidManifest.xml:19:1-73:12
	xmlns:android
		ADDED from src/main/AndroidManifest.xml:19:11-69
	package
		ADDED from src/main/AndroidManifest.xml:20:11-51
		INJECTED from src/main/AndroidManifest.xml
		INJECTED from src/main/AndroidManifest.xml
	android:versionName
		ADDED from src/main/AndroidManifest.xml:22:11-38
		INJECTED from src/main/AndroidManifest.xml
		INJECTED from src/main/AndroidManifest.xml
	android:versionCode
		ADDED from src/main/AndroidManifest.xml:21:11-34
		INJECTED from src/main/AndroidManifest.xml
		INJECTED from src/main/AndroidManifest.xml
uses-sdk
ADDED from src/main/AndroidManifest.xml:23:5-73
MERGED from [com.google.android.gms:play-services:6.5.87] AndroidManifest.xml:18:5-42
MERGED from [com.android.support:support-v4:21.0.3] AndroidManifest.xml:15:5-42
MERGED from [com.android.support:appcompat-v7:21.0.3] AndroidManifest.xml:15:5-42
MERGED from [com.android.support:support-v4:21.0.3] AndroidManifest.xml:15:5-42
	android:targetSdkVersion
		ADDED from src/main/AndroidManifest.xml:23:42-71
		INJECTED from src/main/AndroidManifest.xml
		INJECTED from src/main/AndroidManifest.xml
	android:minSdkVersion
		ADDED from src/main/AndroidManifest.xml:23:15-41
		INJECTED from src/main/AndroidManifest.xml
		INJECTED from src/main/AndroidManifest.xml
uses-permission#android.permission.INTERNET
ADDED from src/main/AndroidManifest.xml:24:5-67
	android:name
		ADDED from src/main/AndroidManifest.xml:24:22-64
uses-permission#android.permission.ACCESS_NETWORK_STATE
ADDED from src/main/AndroidManifest.xml:25:5-79
	android:name
		ADDED from src/main/AndroidManifest.xml:25:22-76
uses-permission#android.permission.WRITE_EXTERNAL_STORAGE
ADDED from src/main/AndroidManifest.xml:26:5-81
	android:name
		ADDED from src/main/AndroidManifest.xml:26:22-78
uses-permission#android.permission.ACCESS_WIFI_STATE
ADDED from src/main/AndroidManifest.xml:27:5-76
	android:name
		ADDED from src/main/AndroidManifest.xml:27:22-73
uses-permission#android.permission.WAKE_LOCK
ADDED from src/main/AndroidManifest.xml:28:5-68
	android:name
		ADDED from src/main/AndroidManifest.xml:28:22-65
uses-permission#android.permission.FLASHLIGHT
ADDED from src/main/AndroidManifest.xml:29:5-69
	android:name
		ADDED from src/main/AndroidManifest.xml:29:22-66
uses-permission#android.permission.CAMERA
ADDED from src/main/AndroidManifest.xml:30:5-65
	android:name
		ADDED from src/main/AndroidManifest.xml:30:22-62
uses-permission#android.permission.ACCESS_COARSE_LOCATION
ADDED from src/main/AndroidManifest.xml:31:5-81
	android:name
		ADDED from src/main/AndroidManifest.xml:31:22-78
uses-permission#android.permission.ACCESS_FINE_LOCATION
ADDED from src/main/AndroidManifest.xml:32:5-79
	android:name
		ADDED from src/main/AndroidManifest.xml:32:22-76
application
ADDED from src/main/AndroidManifest.xml:33:5-72:19
MERGED from [com.google.android.gms:play-services:6.5.87] AndroidManifest.xml:20:5-24:19
MERGED from [com.android.support:support-v4:21.0.3] AndroidManifest.xml:16:5-19
MERGED from [com.android.support:appcompat-v7:21.0.3] AndroidManifest.xml:16:5-19
MERGED from [com.android.support:support-v4:21.0.3] AndroidManifest.xml:16:5-19
	android:label
		ADDED from src/main/AndroidManifest.xml:34:13-45
	android:icon
		ADDED from src/main/AndroidManifest.xml:35:13-45
	android:theme
		ADDED from src/main/AndroidManifest.xml:38:13-51
	android:name
		ADDED from src/main/AndroidManifest.xml:37:13-80
	android:logo
		ADDED from src/main/AndroidManifest.xml:36:13-45
activity#com.ibm.iot.android.iotstarter.activities.TutorialPagerActivity
ADDED from src/main/AndroidManifest.xml:40:9-43:20
	android:name
		ADDED from src/main/AndroidManifest.xml:41:17-65
	android:launchMode
		ADDED from src/main/AndroidManifest.xml:42:17-46
activity#com.ibm.iot.android.iotstarter.activities.MainPagerActivity
ADDED from src/main/AndroidManifest.xml:45:9-53:20
	android:screenOrientation
		ADDED from src/main/AndroidManifest.xml:48:17-53
	android:name
		ADDED from src/main/AndroidManifest.xml:46:17-61
	android:launchMode
		ADDED from src/main/AndroidManifest.xml:47:17-48
intent-filter#android.intent.action.MAIN+android.intent.category.LAUNCHER
ADDED from src/main/AndroidManifest.xml:49:13-52:29
action#android.intent.action.MAIN
ADDED from src/main/AndroidManifest.xml:50:17-68
	android:name
		ADDED from src/main/AndroidManifest.xml:50:25-66
category#android.intent.category.LAUNCHER
ADDED from src/main/AndroidManifest.xml:51:17-76
	android:name
		ADDED from src/main/AndroidManifest.xml:51:27-74
activity#com.ibm.iot.android.iotstarter.activities.ProfilesActivity
ADDED from src/main/AndroidManifest.xml:55:9-58:20
	android:name
		ADDED from src/main/AndroidManifest.xml:56:17-90
	android:launchMode
		ADDED from src/main/AndroidManifest.xml:57:17-46
activity#com.ibm.iot.android.iotstarter.activities.WebActivity
ADDED from src/main/AndroidManifest.xml:60:9-64:20
	android:configChanges
		ADDED from src/main/AndroidManifest.xml:63:17-63
	android:name
		ADDED from src/main/AndroidManifest.xml:61:17-85
	android:launchMode
		ADDED from src/main/AndroidManifest.xml:62:17-46
meta-data#com.google.android.gms.version
ADDED from src/main/AndroidManifest.xml:66:9-68:73
MERGED from [com.google.android.gms:play-services:6.5.87] AndroidManifest.xml:21:9-23:69
	android:name
		ADDED from src/main/AndroidManifest.xml:67:17-62
	android:value
		ADDED from src/main/AndroidManifest.xml:68:17-70
service#org.eclipse.paho.android.service.MqttService
ADDED from src/main/AndroidManifest.xml:71:9-80
	android:name
		ADDED from src/main/AndroidManifest.xml:71:18-77